<?xml version="1.0" encoding="UTF-8"?>
<!-- Generated by org.testng.reporters.JUnitReportReporter -->
<testsuite hostname="idc212" failures="0" tests="1" name="pom.testcases.ladbs.UploadFile" time="12.389" errors="0" timestamp="2024-11-21T13:38:22 IST" skipped="0">
  <testcase classname="pom.testcases.ladbs.UploadFile" name="testElectricalPermit" time="12.389"/>
</testsuite> <!-- pom.testcases.ladbs.UploadFile -->
