<?xml version="1.0" encoding="UTF-8"?>
<!-- Generated by org.testng.reporters.JUnitReportReporter -->
<testsuite hostname="idc212" failures="0" tests="1" name="pom.testcases.ladbs.RadioButtons" time="11.782" errors="0" timestamp="2024-11-19T17:45:50 IST" skipped="0">
  <testcase classname="pom.testcases.ladbs.RadioButtons" name="testElectricalPermit" time="11.782"/>
</testsuite> <!-- pom.testcases.ladbs.RadioButtons -->
