<?xml version="1.0" encoding="UTF-8"?>
<!-- Generated by org.testng.reporters.JUnitReportReporter -->
<testsuite hostname="idc212" failures="0" tests="1" name="pom.testcases.ladbs.TextBox" time="10.636" errors="0" timestamp="2024-11-18T18:41:48 IST" skipped="0">
  <testcase classname="pom.testcases.ladbs.TextBox" name="testElectricalPermit" time="10.636"/>
</testsuite> <!-- pom.testcases.ladbs.TextBox -->
