<?xml version="1.0" encoding="UTF-8"?>
<!-- Generated by org.testng.reporters.JUnitReportReporter -->
<testsuite hostname="idc212" failures="0" tests="1" name="pom.testcases.ladbs.Links" time="11.988" errors="0" timestamp="2024-11-21T11:44:54 IST" skipped="0">
  <testcase classname="pom.testcases.ladbs.Links" name="testElectricalPermit" time="11.988"/>
</testsuite> <!-- pom.testcases.ladbs.Links -->
