<?xml version="1.0" encoding="UTF-8"?>
<!-- Generated by org.testng.reporters.JUnitReportReporter -->
<testsuite hostname="pankaj-admin" failures="0" tests="1" name="pom.testcases.ladbs.DragDrop" time="9.412" errors="0" timestamp="2024-11-24T20:36:30 IST" skipped="0">
  <testcase classname="pom.testcases.ladbs.DragDrop" name="testElectricalPermit" time="9.412"/>
  <system-out/>
</testsuite> <!-- pom.testcases.ladbs.DragDrop -->
