<?xml version="1.0" encoding="UTF-8"?>
<!-- Generated by org.testng.reporters.JUnitReportReporter -->
<testsuite hostname="idc212" failures="0" tests="1" name="testcases.RegTest" time="0.749" errors="0" timestamp="2024-08-07T15:19:04 IST" skipped="0">
  <testcase classname="testcases.RegTest" name="doRegister" time="0.749"/>
</testsuite> <!-- testcases.RegTest -->
