<?xml version="1.0" encoding="UTF-8"?>
<!-- Generated by org.testng.reporters.JUnitReportReporter -->
<testsuite hostname="idc212" failures="0" tests="1" name="pom.testcases.ladbs.ModalDialogs" time="15.709" errors="0" timestamp="2024-11-22T15:26:53 IST" skipped="0">
  <testcase classname="pom.testcases.ladbs.ModalDialogs" name="testElectricalPermit" time="15.709"/>
</testsuite> <!-- pom.testcases.ladbs.ModalDialogs -->
