<?xml version="1.0" encoding="UTF-8"?>
<!-- Generated by org.testng.reporters.JUnitReportReporter -->
<testsuite hostname="idc212" failures="0" tests="1" name="testcases.LoginTest" time="22.376" errors="0" timestamp="2024-08-07T15:21:38 IST" skipped="0">
  <testcase classname="testcases.LoginTest" name="login" time="22.376"/>
</testsuite> <!-- testcases.LoginTest -->
