<?xml version="1.0" encoding="UTF-8"?>
<!-- Generated by org.testng.reporters.JUnitReportReporter -->
<testsuite hostname="pankaj-admin" failures="0" tests="1" name="pom.testcases.ladbs.Sortable" time="11.821" errors="0" timestamp="2024-11-24T16:18:06 IST" skipped="0">
  <testcase classname="pom.testcases.ladbs.Sortable" name="testElectricalPermit" time="11.821"/>
  <system-out/>
</testsuite> <!-- pom.testcases.ladbs.Sortable -->
