<?xml version="1.0" encoding="UTF-8"?>
<!-- Generated by org.testng.reporters.JUnitReportReporter -->
<testsuite hostname="pankaj-admin" failures="0" tests="1" name="pom.testcases.ladbs.DragDropTypes" time="14.441" errors="0" timestamp="2024-11-24T20:51:39 IST" skipped="0">
  <testcase classname="pom.testcases.ladbs.DragDropTypes" name="testElectricalPermit" time="14.441"/>
  <system-out/>
</testsuite> <!-- pom.testcases.ladbs.DragDropTypes -->
