<?xml version="1.0" encoding="UTF-8"?>
<!-- Generated by org.testng.reporters.JUnitReportReporter -->
<testsuite hostname="pankaj-admin" failures="0" tests="1" name="pom.testcases.ladbs.Date" time="13.439" errors="0" timestamp="2024-11-29T17:22:41 IST" skipped="0">
  <testcase classname="pom.testcases.ladbs.Date" name="testElectricalPermit" time="13.439"/>
  <system-out/>
</testsuite> <!-- pom.testcases.ladbs.Date -->
