<?xml version="1.0" encoding="UTF-8"?>
<!-- Generated by org.testng.reporters.JUnitReportReporter -->
<testsuite hostname="idc212" failures="0" tests="1" name="pom.testcases.ladbs.Alerts" time="13.118" errors="0" timestamp="2024-11-22T14:10:56 IST" skipped="0">
  <testcase classname="pom.testcases.ladbs.Alerts" name="testElectricalPermit" time="13.118"/>
</testsuite> <!-- pom.testcases.ladbs.Alerts -->
