<?xml version="1.0" encoding="UTF-8"?>
<!-- Generated by org.testng.reporters.JUnitReportReporter -->
<testsuite hostname="pankaj-admin" failures="0" tests="1" name="pom.testcases.ladbs.Selectable" time="6.449" errors="0" timestamp="2024-11-24T16:50:41 IST" skipped="0">
  <testcase classname="pom.testcases.ladbs.Selectable" name="testElectricalPermit" time="6.449"/>
  <system-out/>
</testsuite> <!-- pom.testcases.ladbs.Selectable -->
