<?xml version="1.0" encoding="UTF-8"?>
<!-- Generated by org.testng.reporters.JUnitReportReporter -->
<testsuite hostname="idc212" failures="0" tests="1" name="pom.testcases.ladbs.Slider" time="10.997" errors="0" timestamp="2024-11-22T19:28:10 IST" skipped="0">
  <testcase classname="pom.testcases.ladbs.Slider" name="testElectricalPermit" time="10.997"/>
</testsuite> <!-- pom.testcases.ladbs.Slider -->
