<?xml version="1.0" encoding="UTF-8"?>
<!-- Generated by org.testng.reporters.JUnitReportReporter -->
<testsuite hostname="pankaj-admin" failures="0" tests="1" name="pom.testcases.ladbs.ToolTips" time="7.444" errors="0" timestamp="2024-11-23T00:46:09 IST" skipped="0">
  <testcase classname="pom.testcases.ladbs.ToolTips" name="testElectricalPermit" time="7.444"/>
  <system-out/>
</testsuite> <!-- pom.testcases.ladbs.ToolTips -->
