<?xml version="1.0" encoding="UTF-8"?>
<!-- Generated by org.testng.reporters.JUnitReportReporter -->
<testsuite hostname="idc212" failures="0" tests="1" name="pom.testcases.ladbs.Buttons" time="14.346" errors="0" timestamp="2024-11-19T15:22:46 IST" skipped="0">
  <testcase classname="pom.testcases.ladbs.Buttons" name="testElectricalPermit" time="14.346"/>
</testsuite> <!-- pom.testcases.ladbs.Buttons -->
