<?xml version="1.0" encoding="UTF-8"?>
<!-- Generated by org.testng.reporters.JUnitReportReporter -->
<testsuite hostname="idc212" failures="0" tests="1" name="pom.testcases.ladbs.Checkbox" time="20.041" errors="0" timestamp="2024-11-19T13:22:54 IST" skipped="0">
  <testcase classname="pom.testcases.ladbs.Checkbox" name="testElectricalPermit" time="20.041"/>
</testsuite> <!-- pom.testcases.ladbs.Checkbox -->
