<?xml version="1.0" encoding="UTF-8"?>
<!-- Generated by org.testng.reporters.JUnitReportReporter -->
<testsuite hostname="idc212" failures="0" tests="1" name="pom.testcases.ladbs.ElectricalPermit" time="13.596" errors="0" timestamp="2024-08-07T17:43:16 IST" skipped="0">
  <testcase classname="pom.testcases.ladbs.ElectricalPermit" name="testElectricalPermit" time="13.596"/>
</testsuite> <!-- pom.testcases.ladbs.ElectricalPermit -->
