<?xml version="1.0" encoding="UTF-8"?>
<!-- Generated by org.testng.reporters.JUnitReportReporter -->
<testsuite hostname="idc212" failures="0" tests="1" name="pom.testcases.ladbs.Accordion" time="22.938" errors="0" timestamp="2024-11-22T17:11:16 IST" skipped="0">
  <testcase classname="pom.testcases.ladbs.Accordion" name="testElectricalPermit" time="22.938"/>
</testsuite> <!-- pom.testcases.ladbs.Accordion -->
